#! /c/Source/iverilog-install/bin/vvp
:ivl_version "12.0 (devel)" "(s20150603-1539-g2693dd32b)";
:ivl_delay_selection "TYPICAL";
:vpi_time_precision + 0;
:vpi_module "C:\iverilog\lib\ivl\system.vpi";
:vpi_module "C:\iverilog\lib\ivl\vhdl_sys.vpi";
:vpi_module "C:\iverilog\lib\ivl\vhdl_textio.vpi";
:vpi_module "C:\iverilog\lib\ivl\v2005_math.vpi";
:vpi_module "C:\iverilog\lib\ivl\va_math.vpi";
S_0000020b893ebe20 .scope module, "module1" "module1" 2 29;
 .timescale 0 0;
v0000020b89303af0_0 .net "FN1", 0 0, L_0000020b89306f90;  1 drivers
v0000020b89303b90_0 .net "FN2", 0 0, L_0000020b893073f0;  1 drivers
v0000020b89304d80_0 .var "a", 0 0;
v0000020b89305820_0 .var "b", 0 0;
v0000020b893060e0_0 .var "c", 0 0;
v0000020b89305c80_0 .var "d", 0 0;
S_0000020b893ee9f0 .scope module, "np" "NAND" 2 33, 2 1 0, S_0000020b893ebe20;
 .timescale 0 0;
    .port_info 0 /OUTPUT 1 "FN";
    .port_info 1 /INPUT 1 "a";
    .port_info 2 /INPUT 1 "b";
    .port_info 3 /INPUT 1 "c";
    .port_info 4 /INPUT 1 "d";
L_0000020b893072a0 .functor NAND 1, v0000020b89304d80_0, v0000020b89304d80_0, C4<1>, C4<1>;
L_0000020b89306d60 .functor NAND 1, v0000020b89305820_0, v0000020b89305820_0, C4<1>, C4<1>;
L_0000020b89306eb0 .functor NAND 1, v0000020b893060e0_0, v0000020b893060e0_0, C4<1>, C4<1>;
L_0000020b89306ac0 .functor NAND 1, v0000020b89305c80_0, v0000020b89305c80_0, C4<1>, C4<1>;
L_0000020b893074d0 .functor NAND 1, v0000020b89304d80_0, L_0000020b89306d60, C4<1>, C4<1>;
L_0000020b89306f20 .functor NAND 1, L_0000020b89306eb0, L_0000020b89306ac0, C4<1>, C4<1>;
L_0000020b89307690 .functor NAND 1, L_0000020b893072a0, L_0000020b89306ac0, C4<1>, C4<1>;
L_0000020b893073f0 .functor NAND 1, L_0000020b893074d0, L_0000020b89306f20, L_0000020b89307690, C4<1>;
v0000020b893e6a70_0 .net "FN", 0 0, L_0000020b893073f0;  alias, 1 drivers
v0000020b89303d70_0 .net "a", 0 0, v0000020b89304d80_0;  1 drivers
v0000020b89304090_0 .net "a1", 0 0, L_0000020b893072a0;  1 drivers
v0000020b89304130_0 .net "a2", 0 0, L_0000020b893074d0;  1 drivers
v0000020b893043b0_0 .net "a3", 0 0, L_0000020b89306f20;  1 drivers
v0000020b89304590_0 .net "a4", 0 0, L_0000020b89307690;  1 drivers
v0000020b89303870_0 .net "b", 0 0, v0000020b89305820_0;  1 drivers
v0000020b89303cd0_0 .net "b1", 0 0, L_0000020b89306d60;  1 drivers
v0000020b89304270_0 .net "c", 0 0, v0000020b893060e0_0;  1 drivers
v0000020b893041d0_0 .net "c1", 0 0, L_0000020b89306eb0;  1 drivers
v0000020b89304630_0 .net "d", 0 0, v0000020b89305c80_0;  1 drivers
v0000020b89304310_0 .net "d1", 0 0, L_0000020b89306ac0;  1 drivers
S_0000020b893eeb80 .scope module, "nr" "NOR" 2 32, 2 15 0, S_0000020b893ebe20;
 .timescale 0 0;
    .port_info 0 /OUTPUT 1 "FN";
    .port_info 1 /INPUT 1 "a";
    .port_info 2 /INPUT 1 "b";
    .port_info 3 /INPUT 1 "c";
    .port_info 4 /INPUT 1 "d";
L_0000020b892b3bd0 .functor NOR 1, v0000020b89304d80_0, v0000020b89304d80_0, C4<0>, C4<0>;
L_0000020b89306cf0 .functor NOR 1, v0000020b89305820_0, v0000020b89305820_0, C4<0>, C4<0>;
L_0000020b893071c0 .functor NOR 1, v0000020b893060e0_0, v0000020b893060e0_0, C4<0>, C4<0>;
L_0000020b89307230 .functor NOR 1, v0000020b89305c80_0, v0000020b89305c80_0, C4<0>, C4<0>;
L_0000020b89307380 .functor NOR 1, v0000020b89304d80_0, L_0000020b89307230, C4<0>, C4<0>;
L_0000020b89306e40 .functor NOR 1, L_0000020b89306cf0, L_0000020b89307230, C4<0>, C4<0>;
L_0000020b89307770 .functor NOR 1, L_0000020b892b3bd0, L_0000020b89306cf0, L_0000020b893071c0, C4<0>;
L_0000020b89306f90 .functor NOR 1, L_0000020b89307380, L_0000020b89306e40, L_0000020b89307770, C4<0>;
v0000020b89304450_0 .net "FN", 0 0, L_0000020b89306f90;  alias, 1 drivers
v0000020b89303eb0_0 .net "a", 0 0, v0000020b89304d80_0;  alias, 1 drivers
v0000020b89303e10_0 .net "a1", 0 0, L_0000020b892b3bd0;  1 drivers
v0000020b893044f0_0 .net "a2", 0 0, L_0000020b89307380;  1 drivers
v0000020b89303c30_0 .net "a3", 0 0, L_0000020b89306e40;  1 drivers
v0000020b893046d0_0 .net "a4", 0 0, L_0000020b89307770;  1 drivers
v0000020b89304770_0 .net "b", 0 0, v0000020b89305820_0;  alias, 1 drivers
v0000020b89303910_0 .net "b1", 0 0, L_0000020b89306cf0;  1 drivers
v0000020b89303f50_0 .net "c", 0 0, v0000020b893060e0_0;  alias, 1 drivers
v0000020b893039b0_0 .net "c1", 0 0, L_0000020b893071c0;  1 drivers
v0000020b89303a50_0 .net "d", 0 0, v0000020b89305c80_0;  alias, 1 drivers
v0000020b89303ff0_0 .net "d1", 0 0, L_0000020b89307230;  1 drivers
    .scope S_0000020b893ebe20;
T_0 ;
    %vpi_call 2 35 "$dumpfile", "module1.vcd" {0 0 0};
    %vpi_call 2 36 "$dumpvars", 32'sb00000000000000000000000000000000, S_0000020b893ebe20 {0 0 0};
    %pushi/vec4 0, 0, 1;
    %store/vec4 v0000020b89304d80_0, 0, 1;
    %pushi/vec4 0, 0, 1;
    %store/vec4 v0000020b89305820_0, 0, 1;
    %pushi/vec4 0, 0, 1;
    %store/vec4 v0000020b893060e0_0, 0, 1;
    %pushi/vec4 0, 0, 1;
    %store/vec4 v0000020b89305c80_0, 0, 1;
    %delay 10, 0;
    %pushi/vec4 0, 0, 1;
    %store/vec4 v0000020b89304d80_0, 0, 1;
    %pushi/vec4 0, 0, 1;
    %store/vec4 v0000020b89305820_0, 0, 1;
    %pushi/vec4 0, 0, 1;
    %store/vec4 v0000020b893060e0_0, 0, 1;
    %pushi/vec4 1, 0, 1;
    %store/vec4 v0000020b89305c80_0, 0, 1;
    %delay 10, 0;
    %pushi/vec4 0, 0, 1;
    %store/vec4 v0000020b89304d80_0, 0, 1;
    %pushi/vec4 0, 0, 1;
    %store/vec4 v0000020b89305820_0, 0, 1;
    %pushi/vec4 1, 0, 1;
    %store/vec4 v0000020b893060e0_0, 0, 1;
    %pushi/vec4 0, 0, 1;
    %store/vec4 v0000020b89305c80_0, 0, 1;
    %delay 10, 0;
    %pushi/vec4 0, 0, 1;
    %store/vec4 v0000020b89304d80_0, 0, 1;
    %pushi/vec4 0, 0, 1;
    %store/vec4 v0000020b89305820_0, 0, 1;
    %pushi/vec4 1, 0, 1;
    %store/vec4 v0000020b893060e0_0, 0, 1;
    %pushi/vec4 1, 0, 1;
    %store/vec4 v0000020b89305c80_0, 0, 1;
    %delay 10, 0;
    %pushi/vec4 0, 0, 1;
    %store/vec4 v0000020b89304d80_0, 0, 1;
    %pushi/vec4 1, 0, 1;
    %store/vec4 v0000020b89305820_0, 0, 1;
    %pushi/vec4 0, 0, 1;
    %store/vec4 v0000020b893060e0_0, 0, 1;
    %pushi/vec4 0, 0, 1;
    %store/vec4 v0000020b89305c80_0, 0, 1;
    %delay 10, 0;
    %pushi/vec4 0, 0, 1;
    %store/vec4 v0000020b89304d80_0, 0, 1;
    %pushi/vec4 1, 0, 1;
    %store/vec4 v0000020b89305820_0, 0, 1;
    %pushi/vec4 0, 0, 1;
    %store/vec4 v0000020b893060e0_0, 0, 1;
    %pushi/vec4 1, 0, 1;
    %store/vec4 v0000020b89305c80_0, 0, 1;
    %delay 10, 0;
    %pushi/vec4 0, 0, 1;
    %store/vec4 v0000020b89304d80_0, 0, 1;
    %pushi/vec4 1, 0, 1;
    %store/vec4 v0000020b89305820_0, 0, 1;
    %pushi/vec4 1, 0, 1;
    %store/vec4 v0000020b893060e0_0, 0, 1;
    %pushi/vec4 0, 0, 1;
    %store/vec4 v0000020b89305c80_0, 0, 1;
    %delay 10, 0;
    %pushi/vec4 0, 0, 1;
    %store/vec4 v0000020b89304d80_0, 0, 1;
    %pushi/vec4 1, 0, 1;
    %store/vec4 v0000020b89305820_0, 0, 1;
    %pushi/vec4 1, 0, 1;
    %store/vec4 v0000020b893060e0_0, 0, 1;
    %pushi/vec4 1, 0, 1;
    %store/vec4 v0000020b89305c80_0, 0, 1;
    %delay 10, 0;
    %pushi/vec4 1, 0, 1;
    %store/vec4 v0000020b89304d80_0, 0, 1;
    %pushi/vec4 0, 0, 1;
    %store/vec4 v0000020b89305820_0, 0, 1;
    %pushi/vec4 0, 0, 1;
    %store/vec4 v0000020b893060e0_0, 0, 1;
    %pushi/vec4 0, 0, 1;
    %store/vec4 v0000020b89305c80_0, 0, 1;
    %delay 10, 0;
    %pushi/vec4 1, 0, 1;
    %store/vec4 v0000020b89304d80_0, 0, 1;
    %pushi/vec4 0, 0, 1;
    %store/vec4 v0000020b89305820_0, 0, 1;
    %pushi/vec4 0, 0, 1;
    %store/vec4 v0000020b893060e0_0, 0, 1;
    %pushi/vec4 1, 0, 1;
    %store/vec4 v0000020b89305c80_0, 0, 1;
    %delay 10, 0;
    %pushi/vec4 1, 0, 1;
    %store/vec4 v0000020b89304d80_0, 0, 1;
    %pushi/vec4 0, 0, 1;
    %store/vec4 v0000020b89305820_0, 0, 1;
    %pushi/vec4 1, 0, 1;
    %store/vec4 v0000020b893060e0_0, 0, 1;
    %pushi/vec4 0, 0, 1;
    %store/vec4 v0000020b89305c80_0, 0, 1;
    %delay 10, 0;
    %pushi/vec4 1, 0, 1;
    %store/vec4 v0000020b89304d80_0, 0, 1;
    %pushi/vec4 0, 0, 1;
    %store/vec4 v0000020b89305820_0, 0, 1;
    %pushi/vec4 1, 0, 1;
    %store/vec4 v0000020b893060e0_0, 0, 1;
    %pushi/vec4 1, 0, 1;
    %store/vec4 v0000020b89305c80_0, 0, 1;
    %delay 10, 0;
    %pushi/vec4 1, 0, 1;
    %store/vec4 v0000020b89304d80_0, 0, 1;
    %pushi/vec4 1, 0, 1;
    %store/vec4 v0000020b89305820_0, 0, 1;
    %pushi/vec4 0, 0, 1;
    %store/vec4 v0000020b893060e0_0, 0, 1;
    %pushi/vec4 0, 0, 1;
    %store/vec4 v0000020b89305c80_0, 0, 1;
    %delay 10, 0;
    %pushi/vec4 1, 0, 1;
    %store/vec4 v0000020b89304d80_0, 0, 1;
    %pushi/vec4 1, 0, 1;
    %store/vec4 v0000020b89305820_0, 0, 1;
    %pushi/vec4 0, 0, 1;
    %store/vec4 v0000020b893060e0_0, 0, 1;
    %pushi/vec4 1, 0, 1;
    %store/vec4 v0000020b89305c80_0, 0, 1;
    %delay 10, 0;
    %pushi/vec4 1, 0, 1;
    %store/vec4 v0000020b89304d80_0, 0, 1;
    %pushi/vec4 1, 0, 1;
    %store/vec4 v0000020b89305820_0, 0, 1;
    %pushi/vec4 1, 0, 1;
    %store/vec4 v0000020b893060e0_0, 0, 1;
    %pushi/vec4 0, 0, 1;
    %store/vec4 v0000020b89305c80_0, 0, 1;
    %delay 10, 0;
    %pushi/vec4 1, 0, 1;
    %store/vec4 v0000020b89304d80_0, 0, 1;
    %pushi/vec4 1, 0, 1;
    %store/vec4 v0000020b89305820_0, 0, 1;
    %pushi/vec4 1, 0, 1;
    %store/vec4 v0000020b893060e0_0, 0, 1;
    %pushi/vec4 1, 0, 1;
    %store/vec4 v0000020b89305c80_0, 0, 1;
    %end;
    .thread T_0;
    .scope S_0000020b893ebe20;
T_1 ;
    %delay 160, 0;
    %vpi_call 2 54 "$finish" {0 0 0};
    %end;
    .thread T_1;
# The file index is used to find the file name in the following table.
:file_names 3;
    "N/A";
    "<interactive>";
    "230211.v";
